<?xml version="1.0" encoding="UTF-8"?>
<!-- Generated by org.testng.reporters.JUnitReportReporter -->
<testsuite hostname="DESKTOP-AF64I13" failures="0" tests="4" name="testcase.CheckResults" time="13.721" errors="0" timestamp="2024-08-23T16:08:53 QYZT" skipped="0">
  <testcase classname="testcase.CheckResults" name="test" time="6.225"/>
  <system-out>
    <![CDATA[Test1]]>
  </system-out>
  <testcase classname="testcase.CheckResults" name="test2" time="0.003"/>
  <system-out>
    <![CDATA[Test2]]>
  </system-out>
  <testcase classname="testcase.CheckResults" name="test2" time="0.000"/>
  <system-out>
    <![CDATA[Test2]]>
  </system-out>
  <testcase classname="testcase.CheckResults" name="test" time="7.493"/>
  <system-out>
    <![CDATA[Test1]]>
  </system-out>
</testsuite> <!-- testcase.CheckResults -->
