<?xml version="1.0" encoding="UTF-8"?>
<!-- Generated by org.testng.reporters.JUnitReportReporter -->
<testsuite hostname="DESKTOP-AF64I13" failures="0" tests="8" name="testcase.LoginTest" time="91.629" errors="0" timestamp="2024-08-06T11:58:04 ALMT" skipped="0">
  <testcase classname="testcase.LoginTest" name="Login" time="11.255"/>
  <system-out/>
  <testcase classname="testcase.LoginTest" name="Login" time="11.918"/>
  <system-out/>
  <testcase classname="testcase.LoginTest" name="Login" time="11.509"/>
  <system-out/>
  <testcase classname="testcase.LoginTest" name="Login" time="10.943"/>
  <system-out/>
  <testcase classname="testcase.LoginTest" name="Login" time="11.517"/>
  <system-out/>
  <testcase classname="testcase.LoginTest" name="Login" time="11.571"/>
  <system-out/>
  <testcase classname="testcase.LoginTest" name="Login" time="11.314"/>
  <system-out/>
  <testcase classname="testcase.LoginTest" name="Login" time="11.602"/>
  <system-out/>
</testsuite> <!-- testcase.LoginTest -->
