<?xml version="1.0" encoding="UTF-8"?>
<!-- Generated by org.testng.reporters.JUnitReportReporter -->
<testsuite hostname="DESKTOP-AF64I13" failures="0" tests="1" name="testcase.HomepageTest" time="7.235" errors="0" timestamp="2024-08-06T17:05:25 ALMT" skipped="0">
  <testcase classname="testcase.HomepageTest" name="logoCheck" time="7.235"/>
  <system-out/>
</testsuite> <!-- testcase.HomepageTest -->
